<?xml version="1.0" encoding="UTF-8"?>
<testng-results ignored="0" total="1" passed="1" failed="0" skipped="0">
  <reporter-output>
  </reporter-output>
  <suite started-at="2020-07-10T18:19:38 PDT" name="Default suite" finished-at="2020-07-10T18:19:38 PDT" duration-ms="41">
    <groups>
    </groups>
    <test started-at="2020-07-10T18:19:38 PDT" name="Default test" finished-at="2020-07-10T18:19:38 PDT" duration-ms="41">
      <class name="playWIthTestNG.TestNG_Learning">
        <test-method is-config="true" signature="beforeClass()[pri:0, instance:playWIthTestNG.TestNG_Learning@8e0379d]" started-at="2020-07-10T18:19:38 PDT" name="beforeClass" finished-at="2020-07-10T18:19:38 PDT" duration-ms="7" status="PASS">
          <reporter-output>
          </reporter-output>
        </test-method> <!-- beforeClass -->
        <test-method is-config="true" signature="beforeMethod()[pri:0, instance:playWIthTestNG.TestNG_Learning@8e0379d]" started-at="2020-07-10T18:19:38 PDT" name="beforeMethod" finished-at="2020-07-10T18:19:38 PDT" duration-ms="0" status="PASS">
          <reporter-output>
          </reporter-output>
        </test-method> <!-- beforeMethod -->
        <test-method signature="f()[pri:0, instance:playWIthTestNG.TestNG_Learning@8e0379d]" started-at="2020-07-10T18:19:38 PDT" name="f" finished-at="2020-07-10T18:19:38 PDT" duration-ms="4" status="PASS">
          <reporter-output>
          </reporter-output>
        </test-method> <!-- f -->
        <test-method is-config="true" signature="afterMethod()[pri:0, instance:playWIthTestNG.TestNG_Learning@8e0379d]" started-at="2020-07-10T18:19:38 PDT" name="afterMethod" finished-at="2020-07-10T18:19:38 PDT" duration-ms="0" status="PASS">
          <reporter-output>
          </reporter-output>
        </test-method> <!-- afterMethod -->
        <test-method is-config="true" signature="afterClass()[pri:0, instance:playWIthTestNG.TestNG_Learning@8e0379d]" started-at="2020-07-10T18:19:38 PDT" name="afterClass" finished-at="2020-07-10T18:19:38 PDT" duration-ms="0" status="PASS">
          <reporter-output>
          </reporter-output>
        </test-method> <!-- afterClass -->
      </class> <!-- playWIthTestNG.TestNG_Learning -->
    </test> <!-- Default test -->
  </suite> <!-- Default suite -->
</testng-results>
